0 info it worked if it ends with ok
1 verbose cli [ '/usr/local/bin/node', '/usr/local/bin/npm', 'run', 'dev' ]
2 info using npm@3.10.10
3 info using node@v8.12.0
4 verbose run-script [ 'predev', 'dev', 'postdev' ]
5 info lifecycle portfolio-dependencies@1.0.0~predev: portfolio-dependencies@1.0.0
6 silly lifecycle portfolio-dependencies@1.0.0~predev: no script for predev, continuing
7 info lifecycle portfolio-dependencies@1.0.0~dev: portfolio-dependencies@1.0.0
8 verbose lifecycle portfolio-dependencies@1.0.0~dev: unsafe-perm in lifecycle true
9 verbose lifecycle portfolio-dependencies@1.0.0~dev: PATH: /usr/local/lib/node_modules/npm/bin/node-gyp-bin:/Users/matan3sh/portfolio/node_modules/.bin:/Library/Frameworks/Python.framework/Versions/3.5/bin:/Library/Frameworks/Python.framework/Versions/3.5/bin:/Library/Frameworks/Python.framework/Versions/3.5/bin:/Library/Frameworks/Python.framework/Versions/3.5/bin:/Library/Frameworks/Python.framework/Versions/3.5/bin:/usr/local/bin:/usr/bin:/bin:/usr/sbin:/sbin
10 verbose lifecycle portfolio-dependencies@1.0.0~dev: CWD: /Users/matan3sh/portfolio
11 silly lifecycle portfolio-dependencies@1.0.0~dev: Args: [ '-c', 'node server/index.js' ]
12 silly lifecycle portfolio-dependencies@1.0.0~dev: Returned: code: 1  signal: null
13 info lifecycle portfolio-dependencies@1.0.0~dev: Failed to exec dev script
14 verbose stack Error: portfolio-dependencies@1.0.0 dev: `node server/index.js`
14 verbose stack Exit status 1
14 verbose stack     at EventEmitter.<anonymous> (/usr/local/lib/node_modules/npm/lib/utils/lifecycle.js:255:16)
14 verbose stack     at emitTwo (events.js:126:13)
14 verbose stack     at EventEmitter.emit (events.js:214:7)
14 verbose stack     at ChildProcess.<anonymous> (/usr/local/lib/node_modules/npm/lib/utils/spawn.js:40:14)
14 verbose stack     at emitTwo (events.js:126:13)
14 verbose stack     at ChildProcess.emit (events.js:214:7)
14 verbose stack     at maybeClose (internal/child_process.js:915:16)
14 verbose stack     at Process.ChildProcess._handle.onexit (internal/child_process.js:209:5)
15 verbose pkgid portfolio-dependencies@1.0.0
16 verbose cwd /Users/matan3sh/portfolio
17 error Darwin 18.2.0
18 error argv "/usr/local/bin/node" "/usr/local/bin/npm" "run" "dev"
19 error node v8.12.0
20 error npm  v3.10.10
21 error code ELIFECYCLE
22 error portfolio-dependencies@1.0.0 dev: `node server/index.js`
22 error Exit status 1
23 error Failed at the portfolio-dependencies@1.0.0 dev script 'node server/index.js'.
23 error Make sure you have the latest version of node.js and npm installed.
23 error If you do, this is most likely a problem with the portfolio-dependencies package,
23 error not with npm itself.
23 error Tell the author that this fails on your system:
23 error     node server/index.js
23 error You can get information on how to open an issue for this project with:
23 error     npm bugs portfolio-dependencies
23 error Or if that isn't available, you can get their info via:
23 error     npm owner ls portfolio-dependencies
23 error There is likely additional logging output above.
24 verbose exit [ 1, true ]
